2025-03-11T10:15:03.662+05:30  INFO 7632 --- [main] t.a.b.I.TicketAppBackendIliosApplication : Starting TicketAppBackendIliosApplication using Java 17.0.12 with PID 7632 (C:\Users\meganathan\Downloads\ticket app backend Ilios\ticket-app-backend-Ilios\target\classes started by meganathan in C:\Users\meganathan\Downloads\ticket app backend Ilios)
2025-03-11T10:15:03.701+05:30 DEBUG 7632 --- [main] t.a.b.I.TicketAppBackendIliosApplication : Running with Spring Boot v3.4.3, Spring v6.2.3
2025-03-11T10:15:03.705+05:30  INFO 7632 --- [main] t.a.b.I.TicketAppBackendIliosApplication : No active profile set, falling back to 1 default profile: "default"
2025-03-11T10:15:05.605+05:30  INFO 7632 --- [main] .s.d.r.c.RepositoryConfigurationDelegate : Bootstrapping Spring Data JPA repositories in DEFAULT mode.
2025-03-11T10:15:05.774+05:30  INFO 7632 --- [main] .s.d.r.c.RepositoryConfigurationDelegate : Finished Spring Data repository scanning in 136 ms. Found 2 JPA repository interfaces.
2025-03-11T10:15:07.191+05:30  INFO 7632 --- [main] o.s.b.w.embedded.tomcat.TomcatWebServer  : Tomcat initialized with port 8080 (http)
2025-03-11T10:15:07.214+05:30  INFO 7632 --- [main] o.apache.catalina.core.StandardService   : Starting service [Tomcat]
2025-03-11T10:15:07.214+05:30  INFO 7632 --- [main] o.apache.catalina.core.StandardEngine    : Starting Servlet engine: [Apache Tomcat/10.1.36]
2025-03-11T10:15:07.395+05:30  INFO 7632 --- [main] o.a.c.c.C.[Tomcat].[localhost].[/]       : Initializing Spring embedded WebApplicationContext
2025-03-11T10:15:07.395+05:30  INFO 7632 --- [main] w.s.c.ServletWebServerApplicationContext : Root WebApplicationContext: initialization completed in 3532 ms
2025-03-11T10:15:07.858+05:30  INFO 7632 --- [main] o.hibernate.jpa.internal.util.LogHelper  : HHH000204: Processing PersistenceUnitInfo [name: default]
2025-03-11T10:15:08.047+05:30  INFO 7632 --- [main] org.hibernate.Version                    : HHH000412: Hibernate ORM core version 6.6.8.Final
2025-03-11T10:15:08.231+05:30  INFO 7632 --- [main] o.h.c.internal.RegionFactoryInitiator    : HHH000026: Second-level cache disabled
2025-03-11T10:15:09.306+05:30  INFO 7632 --- [main] o.s.o.j.p.SpringPersistenceUnitInfo      : No LoadTimeWeaver setup: ignoring JPA class transformer
2025-03-11T10:15:09.535+05:30  INFO 7632 --- [main] com.zaxxer.hikari.HikariDataSource       : HikariPool-1 - Starting...
2025-03-11T10:15:10.385+05:30  INFO 7632 --- [main] com.zaxxer.hikari.pool.HikariPool        : HikariPool-1 - Added connection com.mysql.cj.jdbc.ConnectionImpl@68d8eb4f
2025-03-11T10:15:10.385+05:30  INFO 7632 --- [main] com.zaxxer.hikari.HikariDataSource       : HikariPool-1 - Start completed.
2025-03-11T10:15:10.486+05:30  WARN 7632 --- [main] org.hibernate.orm.deprecation            : HHH90000025: MySQL8Dialect does not need to be specified explicitly using 'hibernate.dialect' (remove the property setting and it will be selected by default)
2025-03-11T10:15:10.490+05:30  WARN 7632 --- [main] org.hibernate.orm.deprecation            : HHH90000026: MySQL8Dialect has been deprecated; use org.hibernate.dialect.MySQLDialect instead
2025-03-11T10:15:10.530+05:30  INFO 7632 --- [main] org.hibernate.orm.connections.pooling    : HHH10001005: Database info:
	Database JDBC URL [Connecting through datasource 'HikariDataSource (HikariPool-1)']
	Database driver: undefined/unknown
	Database version: 8.0
	Autocommit mode: undefined/unknown
	Isolation level: undefined/unknown
	Minimum pool size: undefined/unknown
	Maximum pool size: undefined/unknown
2025-03-11T10:15:12.202+05:30  INFO 7632 --- [main] o.h.e.t.j.p.i.JtaPlatformInitiator       : HHH000489: No JTA platform available (set 'hibernate.transaction.jta.platform' to enable JTA platform integration)
2025-03-11T10:15:12.304+05:30  INFO 7632 --- [main] j.LocalContainerEntityManagerFactoryBean : Initialized JPA EntityManagerFactory for persistence unit 'default'
2025-03-11T10:15:13.109+05:30  WARN 7632 --- [main] JpaBaseConfiguration$JpaWebConfiguration : spring.jpa.open-in-view is enabled by default. Therefore, database queries may be performed during view rendering. Explicitly configure spring.jpa.open-in-view to disable this warning
2025-03-11T10:15:13.855+05:30  INFO 7632 --- [main] o.s.b.w.embedded.tomcat.TomcatWebServer  : Tomcat started on port 8080 (http) with context path '/'
2025-03-11T10:15:13.886+05:30  INFO 7632 --- [main] t.a.b.I.TicketAppBackendIliosApplication : Started TicketAppBackendIliosApplication in 11.674 seconds (process running for 12.987)
2025-03-11T10:18:09.012+05:30  INFO 7632 --- [http-nio-8080-exec-1] o.a.c.c.C.[Tomcat].[localhost].[/]       : Initializing Spring DispatcherServlet 'dispatcherServlet'
2025-03-11T10:18:09.026+05:30  INFO 7632 --- [http-nio-8080-exec-1] o.s.web.servlet.DispatcherServlet        : Initializing Servlet 'dispatcherServlet'
2025-03-11T10:18:09.080+05:30  INFO 7632 --- [http-nio-8080-exec-1] o.s.web.servlet.DispatcherServlet        : Completed initialization in 53 ms
